<?xml version="1.0" encoding="UTF-8"?>
<!-- Generated by org.testng.reporters.JUnitXMLReporter -->
<testsuite hostname="ASDP1760PO02529" ignored="0" name="Default test" tests="10" failures="0" timestamp="28 Jun 2018 06:57:07 GMT" time="9.584" errors="0">
  <testcase name="attemptclickonbasiccourse" time="0.471" classname="com.qait.JSautomation.JS1.Testall"/>
  <testcase name="attemptclickonredbox_Errorpage" time="0.088" classname="com.qait.JSautomation.JS1.Testall"/>
  <testcase name="attemptclickongreenbox_Nextpage" time="0.268" classname="com.qait.JSautomation.JS1.Testall"/>
  <testcase name="attemptproceed_Nocolormatch" time="0.109" classname="com.qait.JSautomation.JS1.Testall"/>
  <testcase name="attemptproceed_Colormatch" time="0.446" classname="com.qait.JSautomation.JS1.Testall"/>
  <testcase name="attempt_nodragdrop_proceed" time="0.117" classname="com.qait.JSautomation.JS1.Testall"/>
  <testcase name="attempt_dragdrop_proceed" time="0.13" classname="com.qait.JSautomation.JS1.Testall"/>
  <testcase name="attempt_proceed_directly_without_popup" time="0.121" classname="com.qait.JSautomation.JS1.Testall"/>
  <testcase name="attempt_proceed_popup_but_notext" time="1.203" classname="com.qait.JSautomation.JS1.Testall"/>
  <testcase name="attempt_proceed_popup__sometext" time="1.299" classname="com.qait.JSautomation.JS1.Testall"/>
</testsuite> <!-- Default test -->
